<?xml version="1.0" encoding="UTF-8"?>
<coverage generated="1713719952437" clover="3.2.0">
  <project timestamp="1713719952437" name="All files">
    <metrics statements="27" coveredstatements="23" conditionals="13" coveredconditionals="9" methods="7" coveredmethods="6" elements="47" coveredelements="38" complexity="0" loc="27" ncloc="27" packages="1" files="1" classes="1"/>
    <file name="useWebSocket.ts" path="/Users/arienwen/Desktop/FrontEnd/Cardify-FE/src/hooks/webSocket/useWebSocket.ts">
      <metrics statements="27" coveredstatements="23" conditionals="13" coveredconditionals="9" methods="7" coveredmethods="6"/>
      <line num="2" count="1" type="stmt"/>
      <line num="18" count="1" type="stmt"/>
      <line num="19" count="12" type="cond" truecount="0" falsecount="1"/>
      <line num="21" count="12" type="stmt"/>
      <line num="24" count="12" type="stmt"/>
      <line num="25" count="2" type="stmt"/>
      <line num="26" count="2" type="stmt"/>
      <line num="29" count="12" type="cond" truecount="0" falsecount="1"/>
      <line num="31" count="7" type="cond" truecount="3" falsecount="0"/>
      <line num="33" count="7" type="cond" truecount="1" falsecount="0"/>
      <line num="35" count="1" type="cond" truecount="1" falsecount="1"/>
      <line num="36" count="1" type="cond" truecount="1" falsecount="0"/>
      <line num="37" count="1" type="stmt"/>
      <line num="40" count="0" type="stmt"/>
      <line num="43" count="12" type="stmt"/>
      <line num="44" count="12" type="cond" truecount="1" falsecount="0"/>
      <line num="46" count="2" type="stmt"/>
      <line num="47" count="1" type="stmt"/>
      <line num="49" count="2" type="stmt"/>
      <line num="50" count="0" type="stmt"/>
      <line num="55" count="12" type="stmt"/>
      <line num="57" count="12" type="cond" truecount="1" falsecount="0"/>
      <line num="59" count="2" type="cond" truecount="1" falsecount="0"/>
      <line num="60" count="0" type="stmt"/>
      <line num="62" count="0" type="cond" truecount="0" falsecount="1"/>
      <line num="65" count="12" type="stmt"/>
      <line num="68" count="1" type="stmt"/>
    </file>
  </project>
</coverage>
