{"/Users/arienwen/Desktop/FrontEnd/Cardify-FE/src/hooks/webSocket/useWebSocket.ts": {"path":"/Users/arienwen/Desktop/FrontEnd/Cardify-FE/src/hooks/webSocket/useWebSocket.ts","statementMap":{"0":{"start":{"line":3,"column":0},"end":{"line":3,"column":44}},"1":{"start":{"line":27,"column":21},"end":{"line":96,"column":1}},"2":{"start":{"line":28,"column":38},"end":{"line":28,"column":43}},"3":{"start":{"line":30,"column":22},"end":{"line":30,"column":54}},"4":{"start":{"line":31,"column":40},"end":{"line":31,"column":75}},"5":{"start":{"line":33,"column":36},"end":{"line":33,"column":51}},"6":{"start":{"line":36,"column":23},"end":{"line":39,"column":3}},"7":{"start":{"line":37,"column":19},"end":{"line":37,"column":43}},"8":{"start":{"line":38,"column":4},"end":{"line":38,"column":18}},"9":{"start":{"line":41,"column":21},"end":{"line":53,"column":3}},"10":{"start":{"line":43,"column":6},"end":{"line":43,"column":74}},"11":{"start":{"line":45,"column":4},"end":{"line":45,"column":31}},"12":{"start":{"line":45,"column":19},"end":{"line":45,"column":31}},"13":{"start":{"line":47,"column":35},"end":{"line":47,"column":71}},"14":{"start":{"line":48,"column":4},"end":{"line":50,"column":null}},"15":{"start":{"line":49,"column":6},"end":{"line":49,"column":36}},"16":{"start":{"line":52,"column":4},"end":{"line":52,"column":16}},"17":{"start":{"line":56,"column":20},"end":{"line":65,"column":3}},"18":{"start":{"line":57,"column":4},"end":{"line":63,"column":null}},"19":{"start":{"line":58,"column":6},"end":{"line":62,"column":8}},"20":{"start":{"line":64,"column":4},"end":{"line":64,"column":34}},"21":{"start":{"line":67,"column":2},"end":{"line":80,"column":11}},"22":{"start":{"line":68,"column":4},"end":{"line":68,"column":20}},"23":{"start":{"line":68,"column":13},"end":{"line":68,"column":20}},"24":{"start":{"line":70,"column":4},"end":{"line":72,"column":6}},"25":{"start":{"line":71,"column":6},"end":{"line":71,"column":35}},"26":{"start":{"line":73,"column":4},"end":{"line":79,"column":6}},"27":{"start":{"line":74,"column":6},"end":{"line":74,"column":38}},"28":{"start":{"line":75,"column":24},"end":{"line":75,"column":45}},"29":{"start":{"line":76,"column":6},"end":{"line":76,"column":32}},"30":{"start":{"line":78,"column":6},"end":{"line":78,"column":26}},"31":{"start":{"line":83,"column":2},"end":{"line":93,"column":36}},"32":{"start":{"line":85,"column":4},"end":{"line":85,"column":20}},"33":{"start":{"line":85,"column":13},"end":{"line":85,"column":20}},"34":{"start":{"line":87,"column":4},"end":{"line":87,"column":36}},"35":{"start":{"line":87,"column":29},"end":{"line":87,"column":36}},"36":{"start":{"line":88,"column":24},"end":{"line":88,"column":47}},"37":{"start":{"line":90,"column":4},"end":{"line":90,"column":42}},"38":{"start":{"line":90,"column":21},"end":{"line":90,"column":42}},"39":{"start":{"line":92,"column":4},"end":{"line":92,"column":23}},"40":{"start":{"line":95,"column":2},"end":{"line":95,"column":66}},"41":{"start":{"line":98,"column":0},"end":{"line":98,"column":28}}},"fnMap":{"0":{"name":"(anonymous_0)","decl":{"start":{"line":27,"column":21},"end":{"line":27,"column":22}},"loc":{"start":{"line":27,"column":55},"end":{"line":96,"column":1}}},"1":{"name":"(anonymous_1)","decl":{"start":{"line":36,"column":23},"end":{"line":36,"column":28}},"loc":{"start":{"line":36,"column":34},"end":{"line":39,"column":3}}},"2":{"name":"(anonymous_2)","decl":{"start":{"line":41,"column":21},"end":{"line":41,"column":22}},"loc":{"start":{"line":41,"column":74},"end":{"line":53,"column":3}}},"3":{"name":"(anonymous_3)","decl":{"start":{"line":56,"column":20},"end":{"line":56,"column":21}},"loc":{"start":{"line":56,"column":57},"end":{"line":65,"column":3}}},"4":{"name":"(anonymous_4)","decl":{"start":{"line":67,"column":12},"end":{"line":67,"column":15}},"loc":{"start":{"line":67,"column":17},"end":{"line":80,"column":3}}},"5":{"name":"(anonymous_5)","decl":{"start":{"line":70,"column":16},"end":{"line":70,"column":19}},"loc":{"start":{"line":70,"column":21},"end":{"line":72,"column":5}}},"6":{"name":"(anonymous_6)","decl":{"start":{"line":73,"column":19},"end":{"line":73,"column":20}},"loc":{"start":{"line":73,"column":29},"end":{"line":79,"column":5}}},"7":{"name":"(anonymous_7)","decl":{"start":{"line":83,"column":12},"end":{"line":83,"column":15}},"loc":{"start":{"line":83,"column":17},"end":{"line":93,"column":3}}}},"branchMap":{"0":{"loc":{"start":{"line":28,"column":15},"end":{"line":28,"column":33}},"type":"default-arg","locations":[{"start":{"line":28,"column":29},"end":{"line":28,"column":33}}]},"1":{"loc":{"start":{"line":41,"column":22},"end":{"line":41,"column":55}},"type":"default-arg","locations":[{"start":{"line":41,"column":51},"end":{"line":41,"column":55}}]},"2":{"loc":{"start":{"line":43,"column":6},"end":{"line":43,"column":74}},"type":"binary-expr","locations":[{"start":{"line":43,"column":6},"end":{"line":43,"column":31}},{"start":{"line":43,"column":35},"end":{"line":43,"column":49}},{"start":{"line":43,"column":53},"end":{"line":43,"column":74}}]},"3":{"loc":{"start":{"line":45,"column":4},"end":{"line":45,"column":31}},"type":"if","locations":[{"start":{"line":45,"column":4},"end":{"line":45,"column":31}}]},"4":{"loc":{"start":{"line":47,"column":35},"end":{"line":47,"column":71}},"type":"cond-expr","locations":[{"start":{"line":47,"column":43},"end":{"line":47,"column":64}},{"start":{"line":47,"column":67},"end":{"line":47,"column":71}}]},"5":{"loc":{"start":{"line":48,"column":4},"end":{"line":50,"column":null}},"type":"if","locations":[{"start":{"line":48,"column":4},"end":{"line":50,"column":null}}]},"6":{"loc":{"start":{"line":57,"column":4},"end":{"line":63,"column":null}},"type":"if","locations":[{"start":{"line":57,"column":4},"end":{"line":63,"column":null}}]},"7":{"loc":{"start":{"line":68,"column":4},"end":{"line":68,"column":20}},"type":"if","locations":[{"start":{"line":68,"column":4},"end":{"line":68,"column":20}}]},"8":{"loc":{"start":{"line":85,"column":4},"end":{"line":85,"column":20}},"type":"if","locations":[{"start":{"line":85,"column":4},"end":{"line":85,"column":20}}]},"9":{"loc":{"start":{"line":87,"column":4},"end":{"line":87,"column":36}},"type":"if","locations":[{"start":{"line":87,"column":4},"end":{"line":87,"column":36}}]},"10":{"loc":{"start":{"line":90,"column":4},"end":{"line":90,"column":42}},"type":"if","locations":[{"start":{"line":90,"column":4},"end":{"line":90,"column":42}}]}},"s":{"0":1,"1":1,"2":10,"3":10,"4":10,"5":10,"6":10,"7":1,"8":1,"9":10,"10":7,"11":7,"12":6,"13":1,"14":1,"15":1,"16":0,"17":10,"18":0,"19":0,"20":0,"21":10,"22":10,"23":9,"24":1,"25":0,"26":1,"27":0,"28":0,"29":0,"30":0,"31":10,"32":10,"33":9,"34":1,"35":1,"36":0,"37":0,"38":0,"39":0,"40":10,"41":1},"f":{"0":10,"1":1,"2":7,"3":0,"4":10,"5":0,"6":0,"7":10},"b":{"0":[0],"1":[0],"2":[7,5,4],"3":[6],"4":[1,0],"5":[1],"6":[0],"7":[9],"8":[9],"9":[1],"10":[0]}}
,"/Users/arienwen/Desktop/FrontEnd/Cardify-FE/src/util/kanban/arrayMoveWithOrder.ts": {"path":"/Users/arienwen/Desktop/FrontEnd/Cardify-FE/src/util/kanban/arrayMoveWithOrder.ts","statementMap":{"0":{"start":{"line":8,"column":2},"end":{"line":8,"column":30}},"1":{"start":{"line":8,"column":19},"end":{"line":8,"column":30}},"2":{"start":{"line":10,"column":2},"end":{"line":10,"column":37}},"3":{"start":{"line":10,"column":26},"end":{"line":10,"column":37}},"4":{"start":{"line":12,"column":2},"end":{"line":12,"column":57}},"5":{"start":{"line":12,"column":46},"end":{"line":12,"column":57}},"6":{"start":{"line":14,"column":19},"end":{"line":14,"column":30}},"7":{"start":{"line":16,"column":2},"end":{"line":16,"column":27}},"8":{"start":{"line":18,"column":2},"end":{"line":18,"column":27}},"9":{"start":{"line":20,"column":2},"end":{"line":20,"column":30}},"10":{"start":{"line":22,"column":2},"end":{"line":22,"column":26}},"11":{"start":{"line":23,"column":2},"end":{"line":23,"column":18}},"12":{"start":{"line":2,"column":0},"end":{"line":2,"column":24}}},"fnMap":{"0":{"name":"arrayMoveWithOrder","decl":{"start":{"line":2,"column":24},"end":{"line":2,"column":42}},"loc":{"start":{"line":5,"column":12},"end":{"line":24,"column":1}}}},"branchMap":{"0":{"loc":{"start":{"line":8,"column":2},"end":{"line":8,"column":30}},"type":"if","locations":[{"start":{"line":8,"column":2},"end":{"line":8,"column":30}}]},"1":{"loc":{"start":{"line":10,"column":2},"end":{"line":10,"column":37}},"type":"if","locations":[{"start":{"line":10,"column":2},"end":{"line":10,"column":37}}]},"2":{"loc":{"start":{"line":10,"column":6},"end":{"line":10,"column":24}},"type":"binary-expr","locations":[{"start":{"line":10,"column":6},"end":{"line":10,"column":14}},{"start":{"line":10,"column":18},"end":{"line":10,"column":24}}]},"3":{"loc":{"start":{"line":12,"column":2},"end":{"line":12,"column":57}},"type":"if","locations":[{"start":{"line":12,"column":2},"end":{"line":12,"column":57}}]},"4":{"loc":{"start":{"line":12,"column":6},"end":{"line":12,"column":44}},"type":"binary-expr","locations":[{"start":{"line":12,"column":6},"end":{"line":12,"column":24}},{"start":{"line":12,"column":28},"end":{"line":12,"column":44}}]}},"s":{"0":7,"1":1,"2":6,"3":3,"4":3,"5":2,"6":1,"7":1,"8":1,"9":1,"10":1,"11":1,"12":1},"f":{"0":7},"b":{"0":[1],"1":[3],"2":[6,4],"3":[2],"4":[3,2]}}
}
