{"/Users/arienwen/Desktop/FrontEnd/Cardify-FE/src/hooks/webSocket/useWebSocket.ts": {"path":"/Users/arienwen/Desktop/FrontEnd/Cardify-FE/src/hooks/webSocket/useWebSocket.ts","statementMap":{"0":{"start":{"line":2,"column":0},"end":{"line":2,"column":44}},"1":{"start":{"line":18,"column":21},"end":{"line":66,"column":1}},"2":{"start":{"line":19,"column":38},"end":{"line":19,"column":43}},"3":{"start":{"line":21,"column":22},"end":{"line":21,"column":54}},"4":{"start":{"line":24,"column":23},"end":{"line":27,"column":3}},"5":{"start":{"line":25,"column":19},"end":{"line":25,"column":43}},"6":{"start":{"line":26,"column":4},"end":{"line":26,"column":18}},"7":{"start":{"line":29,"column":21},"end":{"line":41,"column":3}},"8":{"start":{"line":31,"column":6},"end":{"line":31,"column":74}},"9":{"start":{"line":33,"column":4},"end":{"line":33,"column":31}},"10":{"start":{"line":33,"column":19},"end":{"line":33,"column":31}},"11":{"start":{"line":35,"column":35},"end":{"line":35,"column":71}},"12":{"start":{"line":36,"column":4},"end":{"line":38,"column":null}},"13":{"start":{"line":37,"column":6},"end":{"line":37,"column":36}},"14":{"start":{"line":40,"column":4},"end":{"line":40,"column":16}},"15":{"start":{"line":43,"column":2},"end":{"line":52,"column":11}},"16":{"start":{"line":44,"column":4},"end":{"line":44,"column":20}},"17":{"start":{"line":44,"column":13},"end":{"line":44,"column":20}},"18":{"start":{"line":46,"column":4},"end":{"line":48,"column":6}},"19":{"start":{"line":47,"column":6},"end":{"line":47,"column":35}},"20":{"start":{"line":49,"column":4},"end":{"line":51,"column":6}},"21":{"start":{"line":50,"column":6},"end":{"line":50,"column":36}},"22":{"start":{"line":55,"column":2},"end":{"line":63,"column":36}},"23":{"start":{"line":57,"column":4},"end":{"line":57,"column":20}},"24":{"start":{"line":57,"column":13},"end":{"line":57,"column":20}},"25":{"start":{"line":59,"column":4},"end":{"line":59,"column":36}},"26":{"start":{"line":59,"column":29},"end":{"line":59,"column":36}},"27":{"start":{"line":60,"column":24},"end":{"line":60,"column":47}},"28":{"start":{"line":62,"column":4},"end":{"line":62,"column":42}},"29":{"start":{"line":62,"column":21},"end":{"line":62,"column":42}},"30":{"start":{"line":65,"column":2},"end":{"line":65,"column":42}},"31":{"start":{"line":68,"column":0},"end":{"line":68,"column":28}}},"fnMap":{"0":{"name":"(anonymous_0)","decl":{"start":{"line":18,"column":21},"end":{"line":18,"column":22}},"loc":{"start":{"line":18,"column":55},"end":{"line":66,"column":1}}},"1":{"name":"(anonymous_1)","decl":{"start":{"line":24,"column":23},"end":{"line":24,"column":28}},"loc":{"start":{"line":24,"column":34},"end":{"line":27,"column":3}}},"2":{"name":"(anonymous_2)","decl":{"start":{"line":29,"column":21},"end":{"line":29,"column":22}},"loc":{"start":{"line":29,"column":74},"end":{"line":41,"column":3}}},"3":{"name":"(anonymous_3)","decl":{"start":{"line":43,"column":12},"end":{"line":43,"column":15}},"loc":{"start":{"line":43,"column":17},"end":{"line":52,"column":3}}},"4":{"name":"(anonymous_4)","decl":{"start":{"line":46,"column":16},"end":{"line":46,"column":19}},"loc":{"start":{"line":46,"column":21},"end":{"line":48,"column":5}}},"5":{"name":"(anonymous_5)","decl":{"start":{"line":49,"column":19},"end":{"line":49,"column":22}},"loc":{"start":{"line":49,"column":24},"end":{"line":51,"column":5}}},"6":{"name":"(anonymous_6)","decl":{"start":{"line":55,"column":12},"end":{"line":55,"column":15}},"loc":{"start":{"line":55,"column":17},"end":{"line":63,"column":3}}}},"branchMap":{"0":{"loc":{"start":{"line":19,"column":15},"end":{"line":19,"column":33}},"type":"default-arg","locations":[{"start":{"line":19,"column":29},"end":{"line":19,"column":33}}]},"1":{"loc":{"start":{"line":29,"column":22},"end":{"line":29,"column":55}},"type":"default-arg","locations":[{"start":{"line":29,"column":51},"end":{"line":29,"column":55}}]},"2":{"loc":{"start":{"line":31,"column":6},"end":{"line":31,"column":74}},"type":"binary-expr","locations":[{"start":{"line":31,"column":6},"end":{"line":31,"column":31}},{"start":{"line":31,"column":35},"end":{"line":31,"column":49}},{"start":{"line":31,"column":53},"end":{"line":31,"column":74}}]},"3":{"loc":{"start":{"line":33,"column":4},"end":{"line":33,"column":31}},"type":"if","locations":[{"start":{"line":33,"column":4},"end":{"line":33,"column":31}}]},"4":{"loc":{"start":{"line":35,"column":35},"end":{"line":35,"column":71}},"type":"cond-expr","locations":[{"start":{"line":35,"column":43},"end":{"line":35,"column":64}},{"start":{"line":35,"column":67},"end":{"line":35,"column":71}}]},"5":{"loc":{"start":{"line":36,"column":4},"end":{"line":38,"column":null}},"type":"if","locations":[{"start":{"line":36,"column":4},"end":{"line":38,"column":null}}]},"6":{"loc":{"start":{"line":44,"column":4},"end":{"line":44,"column":20}},"type":"if","locations":[{"start":{"line":44,"column":4},"end":{"line":44,"column":20}}]},"7":{"loc":{"start":{"line":57,"column":4},"end":{"line":57,"column":20}},"type":"if","locations":[{"start":{"line":57,"column":4},"end":{"line":57,"column":20}}]},"8":{"loc":{"start":{"line":59,"column":4},"end":{"line":59,"column":36}},"type":"if","locations":[{"start":{"line":59,"column":4},"end":{"line":59,"column":36}}]},"9":{"loc":{"start":{"line":62,"column":4},"end":{"line":62,"column":42}},"type":"if","locations":[{"start":{"line":62,"column":4},"end":{"line":62,"column":42}}]}},"s":{"0":1,"1":1,"2":12,"3":12,"4":12,"5":2,"6":2,"7":12,"8":7,"9":7,"10":6,"11":1,"12":1,"13":1,"14":0,"15":12,"16":12,"17":10,"18":2,"19":1,"20":2,"21":0,"22":12,"23":12,"24":10,"25":2,"26":2,"27":0,"28":0,"29":0,"30":12,"31":1},"f":{"0":12,"1":2,"2":7,"3":12,"4":1,"5":0,"6":12},"b":{"0":[0],"1":[0],"2":[7,5,4],"3":[6],"4":[1,0],"5":[1],"6":[10],"7":[10],"8":[2],"9":[0]}}
}
