TN:
SF:src/hooks/webSocket/useWebSocket.ts
FN:27,(anonymous_0)
FN:36,(anonymous_1)
FN:41,(anonymous_2)
FN:56,(anonymous_3)
FN:67,(anonymous_4)
FN:70,(anonymous_5)
FN:73,(anonymous_6)
FN:83,(anonymous_7)
FNF:8
FNH:5
FNDA:10,(anonymous_0)
FNDA:1,(anonymous_1)
FNDA:7,(anonymous_2)
FNDA:0,(anonymous_3)
FNDA:10,(anonymous_4)
FNDA:0,(anonymous_5)
FNDA:0,(anonymous_6)
FNDA:10,(anonymous_7)
DA:3,1
DA:27,1
DA:28,10
DA:30,10
DA:31,10
DA:33,10
DA:36,10
DA:37,1
DA:38,1
DA:41,10
DA:43,7
DA:45,7
DA:47,1
DA:48,1
DA:49,1
DA:52,0
DA:56,10
DA:57,0
DA:58,0
DA:64,0
DA:67,10
DA:68,10
DA:70,1
DA:71,0
DA:73,1
DA:74,0
DA:75,0
DA:76,0
DA:78,0
DA:83,10
DA:85,10
DA:87,1
DA:88,0
DA:90,0
DA:92,0
DA:95,10
DA:98,1
LF:37
LH:25
BRDA:28,0,0,0
BRDA:41,1,0,0
BRDA:43,2,0,7
BRDA:43,2,1,5
BRDA:43,2,2,4
BRDA:45,3,0,6
BRDA:47,4,0,1
BRDA:47,4,1,0
BRDA:48,5,0,1
BRDA:57,6,0,0
BRDA:68,7,0,9
BRDA:85,8,0,9
BRDA:87,9,0,1
BRDA:90,10,0,0
BRF:14
BRH:9
end_of_record
TN:
SF:src/util/kanban/arrayMoveWithOrder.ts
FN:2,arrayMoveWithOrder
FNF:1
FNH:1
FNDA:7,arrayMoveWithOrder
DA:2,1
DA:8,7
DA:10,6
DA:12,3
DA:14,1
DA:16,1
DA:18,1
DA:20,1
DA:22,1
DA:23,1
LF:10
LH:10
BRDA:8,0,0,1
BRDA:10,1,0,3
BRDA:10,2,0,6
BRDA:10,2,1,4
BRDA:12,3,0,2
BRDA:12,4,0,3
BRDA:12,4,1,2
BRF:7
BRH:7
end_of_record
