TN:
SF:src/hooks/webSocket/useWebSocket.ts
FN:18,(anonymous_0)
FN:24,(anonymous_1)
FN:29,(anonymous_2)
FN:43,(anonymous_3)
FN:46,(anonymous_4)
FN:49,(anonymous_5)
FN:55,(anonymous_6)
FNF:7
FNH:6
FNDA:12,(anonymous_0)
FNDA:2,(anonymous_1)
FNDA:7,(anonymous_2)
FNDA:12,(anonymous_3)
FNDA:1,(anonymous_4)
FNDA:0,(anonymous_5)
FNDA:12,(anonymous_6)
DA:2,1
DA:18,1
DA:19,12
DA:21,12
DA:24,12
DA:25,2
DA:26,2
DA:29,12
DA:31,7
DA:33,7
DA:35,1
DA:36,1
DA:37,1
DA:40,0
DA:43,12
DA:44,12
DA:46,2
DA:47,1
DA:49,2
DA:50,0
DA:55,12
DA:57,12
DA:59,2
DA:60,0
DA:62,0
DA:65,12
DA:68,1
LF:27
LH:23
BRDA:19,0,0,0
BRDA:29,1,0,0
BRDA:31,2,0,7
BRDA:31,2,1,5
BRDA:31,2,2,4
BRDA:33,3,0,6
BRDA:35,4,0,1
BRDA:35,4,1,0
BRDA:36,5,0,1
BRDA:44,6,0,10
BRDA:57,7,0,10
BRDA:59,8,0,2
BRDA:62,9,0,0
BRF:13
BRH:9
end_of_record
